2014-04-15 18:57:23.585 HelloCordova[50755:70b] Multi-tasking -> Device: YES, App: YES
2014-04-15 18:57:23.664 HelloCordova[50755:70b] Unlimited access to network resources
2014-04-15 18:57:23.908 HelloCordova[50755:70b] [CDVTimer][statusbar] 66.897035ms
2014-04-15 18:57:23.909 HelloCordova[50755:70b] [CDVTimer][TotalPluginStartup] 67.512035ms
2014-04-15 18:57:24.185 HelloCordova[50755:70b] Resetting plugins due to page load.
2014-04-15 18:57:24.794 HelloCordova[50755:70b] Finished load of: file:///Users/guilherme/Library/Application%20Support/iPhone%20Simulator/7.1/Applications/EFF15759-40E0-40CA-8E98-1002FC161699/HelloCordova.app/www/index.html#/app/playlists
2014-04-15 19:31:50.228 HelloCordova[51098:70b] Multi-tasking -> Device: YES, App: YES
2014-04-15 19:31:50.289 HelloCordova[51098:70b] Unlimited access to network resources
2014-04-15 19:31:50.542 HelloCordova[51098:70b] [CDVTimer][statusbar] 61.559975ms
2014-04-15 19:31:50.543 HelloCordova[51098:70b] [CDVTimer][TotalPluginStartup] 62.060952ms
2014-04-15 19:31:50.844 HelloCordova[51098:70b] Resetting plugins due to page load.
2014-04-15 19:31:51.250 HelloCordova[51098:70b] Finished load of: file:///Users/guilherme/Library/Application%20Support/iPhone%20Simulator/7.1/Applications/EFF15759-40E0-40CA-8E98-1002FC161699/HelloCordova.app/www/index.html#/app/login
2014-04-16 01:37:28.808 HelloCordova[53378:70b] Multi-tasking -> Device: YES, App: YES
2014-04-16 01:37:28.867 HelloCordova[53378:70b] Unlimited access to network resources
2014-04-16 01:37:29.121 HelloCordova[53378:70b] [CDVTimer][statusbar] 68.026006ms
2014-04-16 01:37:29.122 HelloCordova[53378:70b] [CDVTimer][TotalPluginStartup] 68.596005ms
2014-04-16 01:37:29.403 HelloCordova[53378:70b] Resetting plugins due to page load.
2014-04-16 01:37:29.716 HelloCordova[53378:70b] Finished load of: file:///Users/guilherme/Library/Application%20Support/iPhone%20Simulator/7.1/Applications/EFF15759-40E0-40CA-8E98-1002FC161699/HelloCordova.app/www/index.html#/app/login
2014-04-16 01:41:33.068 HelloCordova[53663:70b] Multi-tasking -> Device: YES, App: YES
2014-04-16 01:41:33.076 HelloCordova[53663:70b] Unlimited access to network resources
2014-04-16 01:41:33.113 HelloCordova[53663:70b] [CDVTimer][statusbar] 19.401968ms
2014-04-16 01:41:33.114 HelloCordova[53663:70b] [CDVTimer][TotalPluginStartup] 19.946992ms
2014-04-16 01:41:33.269 HelloCordova[53663:70b] Resetting plugins due to page load.
2014-04-16 01:41:33.520 HelloCordova[53663:70b] Finished load of: file:///Users/guilherme/Library/Application%20Support/iPhone%20Simulator/7.1/Applications/EFF15759-40E0-40CA-8E98-1002FC161699/HelloCordova.app/www/index.html#/app/login
2014-04-16 01:42:06.186 HelloCordova[53942:70b] Multi-tasking -> Device: YES, App: YES
2014-04-16 01:42:06.223 HelloCordova[53942:70b] Unlimited access to network resources
2014-04-16 01:42:06.460 HelloCordova[53942:70b] [CDVTimer][statusbar] 47.905028ms
2014-04-16 01:42:06.461 HelloCordova[53942:70b] [CDVTimer][TotalPluginStartup] 48.444033ms
2014-04-16 01:42:06.687 HelloCordova[53942:70b] Resetting plugins due to page load.
2014-04-16 01:42:07.053 HelloCordova[53942:70b] Finished load of: file:///Users/guilherme/Library/Application%20Support/iPhone%20Simulator/7.1/Applications/EFF15759-40E0-40CA-8E98-1002FC161699/HelloCordova.app/www/index.html#/app/login
2014-04-16 02:11:42.780 HelloCordova[54437:70b] Multi-tasking -> Device: YES, App: YES
2014-04-16 02:11:42.839 HelloCordova[54437:70b] Unlimited access to network resources
2014-04-16 02:11:43.101 HelloCordova[54437:70b] [CDVTimer][statusbar] 63.203037ms
2014-04-16 02:11:43.102 HelloCordova[54437:70b] [CDVTimer][TotalPluginStartup] 63.693047ms
2014-04-16 02:11:43.391 HelloCordova[54437:70b] Resetting plugins due to page load.
2014-04-16 02:11:44.056 HelloCordova[54437:70b] Finished load of: file:///Users/guilherme/Library/Application%20Support/iPhone%20Simulator/7.1/Applications/EFF15759-40E0-40CA-8E98-1002FC161699/HelloCordova.app/www/index.html#/app/login
2014-04-16 02:11:57.643 HelloCordova[54587:70b] Multi-tasking -> Device: YES, App: YES
2014-04-16 02:11:57.651 HelloCordova[54587:70b] Unlimited access to network resources
2014-04-16 02:11:57.684 HelloCordova[54587:70b] [CDVTimer][statusbar] 14.373004ms
2014-04-16 02:11:57.685 HelloCordova[54587:70b] [CDVTimer][TotalPluginStartup] 14.889002ms
2014-04-16 02:11:57.854 HelloCordova[54587:70b] Resetting plugins due to page load.
2014-04-16 02:11:58.121 HelloCordova[54587:70b] Finished load of: file:///Users/guilherme/Library/Application%20Support/iPhone%20Simulator/7.1/Applications/EFF15759-40E0-40CA-8E98-1002FC161699/HelloCordova.app/www/index.html#/app/login
2014-04-16 02:22:19.080 HelloCordova[54794:70b] Multi-tasking -> Device: YES, App: YES
2014-04-16 02:22:19.151 HelloCordova[54794:70b] Unlimited access to network resources
2014-04-16 02:22:19.515 HelloCordova[54794:70b] [CDVTimer][statusbar] 110.643983ms
2014-04-16 02:22:19.515 HelloCordova[54794:70b] [CDVTimer][TotalPluginStartup] 111.256003ms
2014-04-16 02:22:19.759 HelloCordova[54794:70b] Resetting plugins due to page load.
2014-04-16 02:22:20.309 HelloCordova[54794:70b] Finished load of: file:///Users/guilherme/Library/Application%20Support/iPhone%20Simulator/7.1/Applications/EFF15759-40E0-40CA-8E98-1002FC161699/HelloCordova.app/www/index.html#/app/login
2014-04-16 02:22:32.090 HelloCordova[54945:70b] Multi-tasking -> Device: YES, App: YES
2014-04-16 02:22:32.098 HelloCordova[54945:70b] Unlimited access to network resources
2014-04-16 02:22:32.135 HelloCordova[54945:70b] [CDVTimer][statusbar] 16.282976ms
2014-04-16 02:22:32.136 HelloCordova[54945:70b] [CDVTimer][TotalPluginStartup] 16.831994ms
2014-04-16 02:22:32.447 HelloCordova[54945:70b] Resetting plugins due to page load.
2014-04-16 02:22:32.712 HelloCordova[54945:70b] Finished load of: file:///Users/guilherme/Library/Application%20Support/iPhone%20Simulator/7.1/Applications/EFF15759-40E0-40CA-8E98-1002FC161699/HelloCordova.app/www/index.html#/app/login
2014-04-16 02:36:49.067 HelloCordova[55331:70b] Multi-tasking -> Device: YES, App: YES
2014-04-16 02:36:49.106 HelloCordova[55331:70b] Unlimited access to network resources
2014-04-16 02:36:49.318 HelloCordova[55331:70b] [CDVTimer][statusbar] 49.391985ms
2014-04-16 02:36:49.318 HelloCordova[55331:70b] [CDVTimer][TotalPluginStartup] 50.103009ms
2014-04-16 02:36:49.399 HelloCordova[55331:70b] Resetting plugins due to page load.
2014-04-16 02:36:57.940 HelloCordova[55490:70b] Multi-tasking -> Device: YES, App: YES
2014-04-16 02:36:57.949 HelloCordova[55490:70b] Unlimited access to network resources
2014-04-16 02:36:57.979 HelloCordova[55490:70b] [CDVTimer][statusbar] 11.671960ms
2014-04-16 02:36:57.980 HelloCordova[55490:70b] [CDVTimer][TotalPluginStartup] 12.178004ms
2014-04-16 02:36:58.204 HelloCordova[55490:70b] Resetting plugins due to page load.
2014-04-16 02:36:58.720 HelloCordova[55490:70b] Finished load of: file:///Users/guilherme/Library/Application%20Support/iPhone%20Simulator/7.1/Applications/EFF15759-40E0-40CA-8E98-1002FC161699/HelloCordova.app/www/index.html#/app/login
2014-04-16 02:57:04.599 HelloCordova[55835:70b] Multi-tasking -> Device: YES, App: YES
2014-04-16 02:57:04.656 HelloCordova[55835:70b] Unlimited access to network resources
2014-04-16 02:57:04.905 HelloCordova[55835:70b] [CDVTimer][statusbar] 65.535963ms
2014-04-16 02:57:04.905 HelloCordova[55835:70b] [CDVTimer][TotalPluginStartup] 66.046000ms
2014-04-16 02:57:05.169 HelloCordova[55835:70b] Resetting plugins due to page load.
2014-04-16 02:57:05.632 HelloCordova[55835:70b] Finished load of: file:///Users/guilherme/Library/Application%20Support/iPhone%20Simulator/7.1/Applications/EFF15759-40E0-40CA-8E98-1002FC161699/HelloCordova.app/www/index.html#/app/login
2014-04-16 02:57:16.152 HelloCordova[55973:70b] Multi-tasking -> Device: YES, App: YES
2014-04-16 02:57:16.159 HelloCordova[55973:70b] Unlimited access to network resources
2014-04-16 02:57:16.188 HelloCordova[55973:70b] [CDVTimer][statusbar] 9.553015ms
2014-04-16 02:57:16.189 HelloCordova[55973:70b] [CDVTimer][TotalPluginStartup] 10.751009ms
2014-04-16 02:57:16.252 HelloCordova[55973:70b] Resetting plugins due to page load.
2014-04-16 02:57:16.514 HelloCordova[55973:70b] Finished load of: file:///Users/guilherme/Library/Application%20Support/iPhone%20Simulator/7.1/Applications/EFF15759-40E0-40CA-8E98-1002FC161699/HelloCordova.app/www/index.html#/app/login
2014-04-16 02:59:01.724 HelloCordova[56228:70b] Multi-tasking -> Device: YES, App: YES
2014-04-16 02:59:01.731 HelloCordova[56228:70b] Unlimited access to network resources
2014-04-16 02:59:01.763 HelloCordova[56228:70b] [CDVTimer][statusbar] 13.286948ms
2014-04-16 02:59:01.763 HelloCordova[56228:70b] [CDVTimer][TotalPluginStartup] 13.790011ms
2014-04-16 02:59:01.904 HelloCordova[56228:70b] Resetting plugins due to page load.
2014-04-16 02:59:02.175 HelloCordova[56228:70b] Finished load of: file:///Users/guilherme/Library/Application%20Support/iPhone%20Simulator/7.1/Applications/EFF15759-40E0-40CA-8E98-1002FC161699/HelloCordova.app/www/index.html#/app/login
2014-04-16 02:59:12.263 HelloCordova[56365:70b] Multi-tasking -> Device: YES, App: YES
2014-04-16 02:59:12.271 HelloCordova[56365:70b] Unlimited access to network resources
2014-04-16 02:59:12.299 HelloCordova[56365:70b] [CDVTimer][statusbar] 9.467959ms
2014-04-16 02:59:12.299 HelloCordova[56365:70b] [CDVTimer][TotalPluginStartup] 9.983003ms
2014-04-16 02:59:12.456 HelloCordova[56365:70b] Resetting plugins due to page load.
2014-04-16 02:59:12.720 HelloCordova[56365:70b] Finished load of: file:///Users/guilherme/Library/Application%20Support/iPhone%20Simulator/7.1/Applications/EFF15759-40E0-40CA-8E98-1002FC161699/HelloCordova.app/www/index.html#/app/login
2014-04-16 02:59:43.055 HelloCordova[56365:70b] Setting the WebView's frame to {{0, 0}, {320, 436}}
2014-04-16 02:59:43.085 HelloCordova[56365:70b] THREAD WARNING: ['InAppBrowser'] took '125.457764' ms. Plugin should use a background thread.
2014-04-16 03:06:01.075 HelloCordova[56631:70b] Multi-tasking -> Device: YES, App: YES
2014-04-16 03:06:01.083 HelloCordova[56631:70b] Unlimited access to network resources
2014-04-16 03:06:01.126 HelloCordova[56631:70b] [CDVTimer][statusbar] 23.424029ms
2014-04-16 03:06:01.127 HelloCordova[56631:70b] [CDVTimer][TotalPluginStartup] 23.926020ms
2014-04-16 03:06:01.389 HelloCordova[56631:70b] Resetting plugins due to page load.
2014-04-16 03:06:01.673 HelloCordova[56631:70b] Finished load of: file:///Users/guilherme/Library/Application%20Support/iPhone%20Simulator/7.1/Applications/EFF15759-40E0-40CA-8E98-1002FC161699/HelloCordova.app/www/index.html#/app/login
2014-04-16 03:06:02.898 HelloCordova[56631:70b] Setting the WebView's frame to {{0, 0}, {320, 436}}
2014-04-16 03:06:02.903 HelloCordova[56631:70b] THREAD WARNING: ['InAppBrowser'] took '38.932129' ms. Plugin should use a background thread.
2014-04-16 03:08:12.350 HelloCordova[56897:70b] Multi-tasking -> Device: YES, App: YES
2014-04-16 03:08:12.357 HelloCordova[56897:70b] Unlimited access to network resources
2014-04-16 03:08:12.387 HelloCordova[56897:70b] [CDVTimer][statusbar] 9.881973ms
2014-04-16 03:08:12.387 HelloCordova[56897:70b] [CDVTimer][TotalPluginStartup] 10.405004ms
2014-04-16 03:08:12.553 HelloCordova[56897:70b] Resetting plugins due to page load.
2014-04-16 03:08:12.821 HelloCordova[56897:70b] Finished load of: file:///Users/guilherme/Library/Application%20Support/iPhone%20Simulator/7.1/Applications/EFF15759-40E0-40CA-8E98-1002FC161699/HelloCordova.app/www/index.html#/app/login
2014-04-16 03:08:15.222 HelloCordova[56897:70b] Setting the WebView's frame to {{0, 0}, {320, 436}}
2014-04-16 03:08:15.226 HelloCordova[56897:70b] THREAD WARNING: ['InAppBrowser'] took '23.752930' ms. Plugin should use a background thread.
2014-04-16 03:13:39.812 HelloCordova[57172:70b] Multi-tasking -> Device: YES, App: YES
2014-04-16 03:13:39.820 HelloCordova[57172:70b] Unlimited access to network resources
2014-04-16 03:13:39.859 HelloCordova[57172:70b] [CDVTimer][statusbar] 17.630994ms
2014-04-16 03:13:39.860 HelloCordova[57172:70b] [CDVTimer][TotalPluginStartup] 18.347979ms
2014-04-16 03:13:40.103 HelloCordova[57172:70b] Resetting plugins due to page load.
2014-04-16 03:13:40.373 HelloCordova[57172:70b] Finished load of: file:///Users/guilherme/Library/Application%20Support/iPhone%20Simulator/7.1/Applications/EFF15759-40E0-40CA-8E98-1002FC161699/HelloCordova.app/www/index.html#/app/login
2014-04-16 03:13:41.577 HelloCordova[57172:70b] Setting the WebView's frame to {{0, 0}, {320, 436}}
2014-04-16 03:13:41.581 HelloCordova[57172:70b] THREAD WARNING: ['InAppBrowser'] took '26.928223' ms. Plugin should use a background thread.
2014-04-16 03:19:16.252 HelloCordova[57452:70b] Multi-tasking -> Device: YES, App: YES
2014-04-16 03:19:16.308 HelloCordova[57452:70b] Unlimited access to network resources
2014-04-16 03:19:16.482 HelloCordova[57452:70b] [CDVTimer][statusbar] 44.663012ms
2014-04-16 03:19:16.483 HelloCordova[57452:70b] [CDVTimer][TotalPluginStartup] 45.205951ms
2014-04-16 03:19:16.791 HelloCordova[57452:70b] Resetting plugins due to page load.
2014-04-16 03:19:17.254 HelloCordova[57452:70b] Finished load of: file:///Users/guilherme/Library/Application%20Support/iPhone%20Simulator/7.1/Applications/EFF15759-40E0-40CA-8E98-1002FC161699/HelloCordova.app/www/index.html#/app/login
2014-04-16 03:19:20.394 HelloCordova[57452:70b] Setting the WebView's frame to {{0, 0}, {320, 436}}
2014-04-16 03:19:20.418 HelloCordova[57452:70b] THREAD WARNING: ['InAppBrowser'] took '103.706055' ms. Plugin should use a background thread.
2014-04-16 03:21:49.155 HelloCordova[57452:4003] void SendDelegateMessage(NSInvocation *): delegate (webView:runJavaScriptAlertPanelWithMessage:initiatedByFrame:) failed to return after waiting 10 seconds. main run loop mode: kCFRunLoopDefaultMode
2014-04-16 03:22:27.307 HelloCordova[57734:70b] Multi-tasking -> Device: YES, App: YES
2014-04-16 03:22:27.379 HelloCordova[57734:70b] Unlimited access to network resources
2014-04-16 03:22:27.588 HelloCordova[57734:70b] [CDVTimer][statusbar] 58.748007ms
2014-04-16 03:22:27.589 HelloCordova[57734:70b] [CDVTimer][TotalPluginStartup] 59.487998ms
2014-04-16 03:22:27.918 HelloCordova[57734:70b] Resetting plugins due to page load.
2014-04-16 03:22:28.408 HelloCordova[57734:70b] Finished load of: file:///Users/guilherme/Library/Application%20Support/iPhone%20Simulator/7.1/Applications/EFF15759-40E0-40CA-8E98-1002FC161699/HelloCordova.app/www/index.html#/app/login
2014-04-16 03:22:29.561 HelloCordova[57734:70b] Setting the WebView's frame to {{0, 0}, {320, 436}}
2014-04-16 03:22:29.583 HelloCordova[57734:70b] THREAD WARNING: ['InAppBrowser'] took '147.731934' ms. Plugin should use a background thread.
2014-04-16 03:24:33.464 HelloCordova[57995:70b] Multi-tasking -> Device: YES, App: YES
2014-04-16 03:24:33.523 HelloCordova[57995:70b] Unlimited access to network resources
2014-04-16 03:24:33.722 HelloCordova[57995:70b] [CDVTimer][statusbar] 60.168028ms
2014-04-16 03:24:33.722 HelloCordova[57995:70b] [CDVTimer][TotalPluginStartup] 60.774982ms
2014-04-16 03:24:34.030 HelloCordova[57995:70b] Resetting plugins due to page load.
2014-04-16 03:24:34.376 HelloCordova[57995:70b] Finished load of: file:///Users/guilherme/Library/Application%20Support/iPhone%20Simulator/7.1/Applications/EFF15759-40E0-40CA-8E98-1002FC161699/HelloCordova.app/www/index.html#/app/login
2014-04-16 03:24:35.508 HelloCordova[57995:70b] Setting the WebView's frame to {{0, 0}, {320, 436}}
2014-04-16 03:24:35.512 HelloCordova[57995:70b] THREAD WARNING: ['InAppBrowser'] took '34.866943' ms. Plugin should use a background thread.
2014-04-16 03:37:00.936 HelloCordova[57995:4003] void SendDelegateMessage(NSInvocation *): delegate (webView:runJavaScriptAlertPanelWithMessage:initiatedByFrame:) failed to return after waiting 10 seconds. main run loop mode: kCFRunLoopDefaultMode
2014-04-16 03:37:06.332 HelloCordova[58271:70b] Multi-tasking -> Device: YES, App: YES
2014-04-16 03:37:06.342 HelloCordova[58271:70b] Unlimited access to network resources
2014-04-16 03:37:06.389 HelloCordova[58271:70b] [CDVTimer][statusbar] 21.064997ms
2014-04-16 03:37:06.389 HelloCordova[58271:70b] [CDVTimer][TotalPluginStartup] 21.723986ms
2014-04-16 03:37:12.035 HelloCordova[58409:70b] Multi-tasking -> Device: YES, App: YES
2014-04-16 03:37:12.043 HelloCordova[58409:70b] Unlimited access to network resources
2014-04-16 03:37:12.086 HelloCordova[58409:70b] [CDVTimer][statusbar] 8.563995ms
2014-04-16 03:37:12.086 HelloCordova[58409:70b] [CDVTimer][TotalPluginStartup] 9.148002ms
2014-04-16 03:37:12.368 HelloCordova[58409:70b] Resetting plugins due to page load.
2014-04-16 03:37:13.005 HelloCordova[58409:70b] Finished load of: file:///Users/guilherme/Library/Application%20Support/iPhone%20Simulator/7.1/Applications/EFF15759-40E0-40CA-8E98-1002FC161699/HelloCordova.app/www/index.html#/app/login
2014-04-16 03:37:14.272 HelloCordova[58409:70b] Setting the WebView's frame to {{0, 0}, {320, 436}}
2014-04-16 03:37:14.298 HelloCordova[58409:70b] THREAD WARNING: ['InAppBrowser'] took '121.587158' ms. Plugin should use a background thread.
2014-04-16 03:37:44.166 HelloCordova[58409:3f03] void SendDelegateMessage(NSInvocation *): delegate (webView:runJavaScriptAlertPanelWithMessage:initiatedByFrame:) failed to return after waiting 10 seconds. main run loop mode: kCFRunLoopDefaultMode
2014-04-16 03:45:14.404 HelloCordova[58715:70b] Multi-tasking -> Device: YES, App: YES
2014-04-16 03:45:14.411 HelloCordova[58715:70b] Unlimited access to network resources
2014-04-16 03:45:14.451 HelloCordova[58715:70b] [CDVTimer][statusbar] 19.863009ms
2014-04-16 03:45:14.452 HelloCordova[58715:70b] [CDVTimer][TotalPluginStartup] 20.402014ms
2014-04-16 03:45:14.616 HelloCordova[58715:70b] Resetting plugins due to page load.
2014-04-16 03:45:14.891 HelloCordova[58715:70b] Finished load of: file:///Users/guilherme/Library/Application%20Support/iPhone%20Simulator/7.1/Applications/EFF15759-40E0-40CA-8E98-1002FC161699/HelloCordova.app/www/index.html#/app/login
2014-04-16 03:45:25.509 HelloCordova[58854:70b] Multi-tasking -> Device: YES, App: YES
2014-04-16 03:45:25.517 HelloCordova[58854:70b] Unlimited access to network resources
2014-04-16 03:45:25.545 HelloCordova[58854:70b] [CDVTimer][statusbar] 10.219991ms
2014-04-16 03:45:25.546 HelloCordova[58854:70b] [CDVTimer][TotalPluginStartup] 10.960996ms
2014-04-16 03:45:25.704 HelloCordova[58854:70b] Resetting plugins due to page load.
2014-04-16 03:45:25.979 HelloCordova[58854:70b] Finished load of: file:///Users/guilherme/Library/Application%20Support/iPhone%20Simulator/7.1/Applications/EFF15759-40E0-40CA-8E98-1002FC161699/HelloCordova.app/www/index.html#/app/login
2014-04-16 03:45:28.438 HelloCordova[58854:70b] Setting the WebView's frame to {{0, 0}, {320, 436}}
2014-04-16 03:45:28.442 HelloCordova[58854:70b] THREAD WARNING: ['InAppBrowser'] took '28.016846' ms. Plugin should use a background thread.
2014-04-16 03:46:49.662 HelloCordova[59115:70b] Multi-tasking -> Device: YES, App: YES
2014-04-16 03:46:49.671 HelloCordova[59115:70b] Unlimited access to network resources
2014-04-16 03:46:49.707 HelloCordova[59115:70b] [CDVTimer][statusbar] 16.512990ms
2014-04-16 03:46:49.707 HelloCordova[59115:70b] [CDVTimer][TotalPluginStartup] 17.014027ms
2014-04-16 03:46:49.868 HelloCordova[59115:70b] Resetting plugins due to page load.
2014-04-16 03:46:50.139 HelloCordova[59115:70b] Finished load of: file:///Users/guilherme/Library/Application%20Support/iPhone%20Simulator/7.1/Applications/EFF15759-40E0-40CA-8E98-1002FC161699/HelloCordova.app/www/index.html#/app/login
2014-04-16 03:47:02.154 HelloCordova[59254:70b] Multi-tasking -> Device: YES, App: YES
2014-04-16 03:47:02.161 HelloCordova[59254:70b] Unlimited access to network resources
2014-04-16 03:47:02.211 HelloCordova[59254:70b] [CDVTimer][statusbar] 28.316975ms
2014-04-16 03:47:02.211 HelloCordova[59254:70b] [CDVTimer][TotalPluginStartup] 28.887987ms
2014-04-16 03:47:02.385 HelloCordova[59254:70b] Resetting plugins due to page load.
2014-04-16 03:47:02.644 HelloCordova[59254:70b] Finished load of: file:///Users/guilherme/Library/Application%20Support/iPhone%20Simulator/7.1/Applications/EFF15759-40E0-40CA-8E98-1002FC161699/HelloCordova.app/www/index.html#/app/login
2014-04-16 03:47:03.820 HelloCordova[59254:70b] Setting the WebView's frame to {{0, 0}, {320, 436}}
2014-04-16 03:47:03.826 HelloCordova[59254:70b] THREAD WARNING: ['InAppBrowser'] took '30.763916' ms. Plugin should use a background thread.
2014-04-16 03:48:17.030 HelloCordova[59508:70b] Multi-tasking -> Device: YES, App: YES
2014-04-16 03:48:17.038 HelloCordova[59508:70b] Unlimited access to network resources
2014-04-16 03:48:17.074 HelloCordova[59508:70b] [CDVTimer][statusbar] 16.184032ms
2014-04-16 03:48:17.074 HelloCordova[59508:70b] [CDVTimer][TotalPluginStartup] 16.741991ms
2014-04-16 03:48:17.358 HelloCordova[59508:70b] Resetting plugins due to page load.
2014-04-16 03:48:17.633 HelloCordova[59508:70b] Finished load of: file:///Users/guilherme/Library/Application%20Support/iPhone%20Simulator/7.1/Applications/EFF15759-40E0-40CA-8E98-1002FC161699/HelloCordova.app/www/index.html#/app/login
2014-04-16 03:48:18.606 HelloCordova[59508:70b] Setting the WebView's frame to {{0, 0}, {320, 436}}
2014-04-16 03:48:18.611 HelloCordova[59508:70b] THREAD WARNING: ['InAppBrowser'] took '28.654053' ms. Plugin should use a background thread.
2014-04-16 03:50:03.568 HelloCordova[59779:70b] Multi-tasking -> Device: YES, App: YES
2014-04-16 03:50:03.575 HelloCordova[59779:70b] Unlimited access to network resources
2014-04-16 03:50:03.616 HelloCordova[59779:70b] [CDVTimer][statusbar] 19.090950ms
2014-04-16 03:50:03.617 HelloCordova[59779:70b] [CDVTimer][TotalPluginStartup] 19.779980ms
2014-04-16 03:50:03.790 HelloCordova[59779:70b] Resetting plugins due to page load.
2014-04-16 03:50:04.160 HelloCordova[59779:70b] Finished load of: file:///Users/guilherme/Library/Application%20Support/iPhone%20Simulator/7.1/Applications/EFF15759-40E0-40CA-8E98-1002FC161699/HelloCordova.app/www/index.html#/app/login
2014-04-16 03:50:13.929 HelloCordova[59917:70b] Multi-tasking -> Device: YES, App: YES
2014-04-16 03:50:13.937 HelloCordova[59917:70b] Unlimited access to network resources
2014-04-16 03:50:13.966 HelloCordova[59917:70b] [CDVTimer][statusbar] 9.518027ms
2014-04-16 03:50:13.966 HelloCordova[59917:70b] [CDVTimer][TotalPluginStartup] 10.078013ms
2014-04-16 03:50:14.134 HelloCordova[59917:70b] Resetting plugins due to page load.
2014-04-16 03:50:14.423 HelloCordova[59917:70b] Finished load of: file:///Users/guilherme/Library/Application%20Support/iPhone%20Simulator/7.1/Applications/EFF15759-40E0-40CA-8E98-1002FC161699/HelloCordova.app/www/index.html#/app/login
2014-04-16 03:50:15.542 HelloCordova[59917:70b] Setting the WebView's frame to {{0, 0}, {320, 436}}
2014-04-16 03:50:15.547 HelloCordova[59917:70b] THREAD WARNING: ['InAppBrowser'] took '34.638672' ms. Plugin should use a background thread.
2014-04-16 03:51:27.687 HelloCordova[60240:70b] Multi-tasking -> Device: YES, App: YES
2014-04-16 03:51:27.695 HelloCordova[60240:70b] Unlimited access to network resources
2014-04-16 03:51:27.726 HelloCordova[60240:70b] [CDVTimer][statusbar] 11.273980ms
2014-04-16 03:51:27.726 HelloCordova[60240:70b] [CDVTimer][TotalPluginStartup] 11.798978ms
2014-04-16 03:51:27.783 HelloCordova[60240:70b] Resetting plugins due to page load.
2014-04-16 03:51:28.066 HelloCordova[60240:70b] Finished load of: file:///Users/guilherme/Library/Application%20Support/iPhone%20Simulator/7.1/Applications/EFF15759-40E0-40CA-8E98-1002FC161699/HelloCordova.app/www/index.html#/app/login
2014-04-16 03:51:44.983 HelloCordova[60379:70b] Multi-tasking -> Device: YES, App: YES
2014-04-16 03:51:44.990 HelloCordova[60379:70b] Unlimited access to network resources
2014-04-16 03:51:45.024 HelloCordova[60379:70b] [CDVTimer][statusbar] 15.043974ms
2014-04-16 03:51:45.024 HelloCordova[60379:70b] [CDVTimer][TotalPluginStartup] 15.535951ms
2014-04-16 03:51:45.296 HelloCordova[60379:70b] Resetting plugins due to page load.
2014-04-16 03:51:45.557 HelloCordova[60379:70b] Finished load of: file:///Users/guilherme/Library/Application%20Support/iPhone%20Simulator/7.1/Applications/EFF15759-40E0-40CA-8E98-1002FC161699/HelloCordova.app/www/index.html#/app/login
2014-04-16 03:51:46.433 HelloCordova[60379:70b] Setting the WebView's frame to {{0, 0}, {320, 436}}
2014-04-16 03:51:46.437 HelloCordova[60379:70b] THREAD WARNING: ['InAppBrowser'] took '25.746094' ms. Plugin should use a background thread.
2014-04-16 03:57:09.617 HelloCordova[60651:70b] Multi-tasking -> Device: YES, App: YES
2014-04-16 03:57:09.625 HelloCordova[60651:70b] Unlimited access to network resources
2014-04-16 03:57:09.660 HelloCordova[60651:70b] [CDVTimer][statusbar] 16.802967ms
2014-04-16 03:57:09.661 HelloCordova[60651:70b] [CDVTimer][TotalPluginStartup] 17.331958ms
2014-04-16 03:57:09.841 HelloCordova[60651:70b] Resetting plugins due to page load.
2014-04-16 03:57:10.096 HelloCordova[60651:70b] Finished load of: file:///Users/guilherme/Library/Application%20Support/iPhone%20Simulator/7.1/Applications/EFF15759-40E0-40CA-8E98-1002FC161699/HelloCordova.app/www/index.html#/app/login
2014-04-16 03:57:26.168 HelloCordova[60790:70b] Multi-tasking -> Device: YES, App: YES
2014-04-16 03:57:26.176 HelloCordova[60790:70b] Unlimited access to network resources
2014-04-16 03:57:26.203 HelloCordova[60790:70b] [CDVTimer][statusbar] 9.395003ms
2014-04-16 03:57:26.204 HelloCordova[60790:70b] [CDVTimer][TotalPluginStartup] 9.934008ms
2014-04-16 03:57:26.362 HelloCordova[60790:70b] Resetting plugins due to page load.
2014-04-16 03:57:26.621 HelloCordova[60790:70b] Finished load of: file:///Users/guilherme/Library/Application%20Support/iPhone%20Simulator/7.1/Applications/EFF15759-40E0-40CA-8E98-1002FC161699/HelloCordova.app/www/index.html#/app/login
2014-04-16 03:57:27.806 HelloCordova[60790:70b] Setting the WebView's frame to {{0, 0}, {320, 436}}
2014-04-16 03:57:27.810 HelloCordova[60790:70b] THREAD WARNING: ['InAppBrowser'] took '27.968018' ms. Plugin should use a background thread.
2014-04-16 04:02:52.165 HelloCordova[61078:70b] Multi-tasking -> Device: YES, App: YES
2014-04-16 04:02:52.172 HelloCordova[61078:70b] Unlimited access to network resources
2014-04-16 04:02:52.233 HelloCordova[61078:70b] [CDVTimer][statusbar] 40.122986ms
2014-04-16 04:02:52.233 HelloCordova[61078:70b] [CDVTimer][TotalPluginStartup] 40.663958ms
2014-04-16 04:02:52.289 HelloCordova[61078:70b] Resetting plugins due to page load.
2014-04-16 04:02:52.574 HelloCordova[61078:70b] Finished load of: file:///Users/guilherme/Library/Application%20Support/iPhone%20Simulator/7.1/Applications/EFF15759-40E0-40CA-8E98-1002FC161699/HelloCordova.app/www/index.html#/app/login
2014-04-16 04:03:02.677 HelloCordova[61216:70b] Multi-tasking -> Device: YES, App: YES
2014-04-16 04:03:02.684 HelloCordova[61216:70b] Unlimited access to network resources
2014-04-16 04:03:02.712 HelloCordova[61216:70b] [CDVTimer][statusbar] 8.463025ms
2014-04-16 04:03:02.712 HelloCordova[61216:70b] [CDVTimer][TotalPluginStartup] 9.006977ms
2014-04-16 04:03:02.854 HelloCordova[61216:70b] Resetting plugins due to page load.
2014-04-16 04:03:03.112 HelloCordova[61216:70b] Finished load of: file:///Users/guilherme/Library/Application%20Support/iPhone%20Simulator/7.1/Applications/EFF15759-40E0-40CA-8E98-1002FC161699/HelloCordova.app/www/index.html#/app/login
2014-04-16 04:03:04.085 HelloCordova[61216:70b] Setting the WebView's frame to {{0, 0}, {320, 436}}
2014-04-16 04:03:04.091 HelloCordova[61216:70b] THREAD WARNING: ['InAppBrowser'] took '27.033203' ms. Plugin should use a background thread.
2014-04-16 04:23:45.930 HelloCordova[61523:70b] Multi-tasking -> Device: YES, App: YES
2014-04-16 04:23:45.996 HelloCordova[61523:70b] Unlimited access to network resources
2014-04-16 04:23:46.227 HelloCordova[61523:70b] [CDVTimer][statusbar] 41.423023ms
2014-04-16 04:23:46.228 HelloCordova[61523:70b] [CDVTimer][TotalPluginStartup] 42.106986ms
2014-04-16 04:23:46.575 HelloCordova[61523:70b] Resetting plugins due to page load.
2014-04-16 04:23:47.114 HelloCordova[61523:70b] Finished load of: file:///Users/guilherme/Library/Application%20Support/iPhone%20Simulator/7.1/Applications/EFF15759-40E0-40CA-8E98-1002FC161699/HelloCordova.app/www/index.html#/app/login
2014-04-16 04:23:48.742 HelloCordova[61523:70b] Setting the WebView's frame to {{0, 0}, {320, 436}}
2014-04-16 04:23:48.766 HelloCordova[61523:70b] THREAD WARNING: ['InAppBrowser'] took '104.771240' ms. Plugin should use a background thread.
2014-04-16 04:25:25.345 HelloCordova[61523:70b] Setting the WebView's frame to {{0, 0}, {320, 436}}
2014-04-16 04:37:25.670 HelloCordova[61855:70b] Multi-tasking -> Device: YES, App: YES
2014-04-16 04:37:25.738 HelloCordova[61855:70b] Unlimited access to network resources
2014-04-16 04:37:25.956 HelloCordova[61855:70b] [CDVTimer][statusbar] 49.082994ms
2014-04-16 04:37:25.956 HelloCordova[61855:70b] [CDVTimer][TotalPluginStartup] 49.802005ms
2014-04-16 04:37:26.312 HelloCordova[61855:70b] Resetting plugins due to page load.
2014-04-16 04:37:26.791 HelloCordova[61855:70b] Finished load of: file:///Users/guilherme/Library/Application%20Support/iPhone%20Simulator/7.1/Applications/EFF15759-40E0-40CA-8E98-1002FC161699/HelloCordova.app/www/index.html#/app/login
2014-04-16 04:37:28.684 HelloCordova[61855:70b] Setting the WebView's frame to {{0, 0}, {320, 436}}
2014-04-16 04:37:28.711 HelloCordova[61855:70b] THREAD WARNING: ['InAppBrowser'] took '110.242920' ms. Plugin should use a background thread.
2014-04-16 04:39:43.549 HelloCordova[62135:70b] Multi-tasking -> Device: YES, App: YES
2014-04-16 04:39:43.556 HelloCordova[62135:70b] Unlimited access to network resources
2014-04-16 04:39:43.591 HelloCordova[62135:70b] [CDVTimer][statusbar] 16.485035ms
2014-04-16 04:39:43.592 HelloCordova[62135:70b] [CDVTimer][TotalPluginStartup] 17.041981ms
2014-04-16 04:39:43.859 HelloCordova[62135:70b] Resetting plugins due to page load.
2014-04-16 04:39:44.116 HelloCordova[62135:70b] Finished load of: file:///Users/guilherme/Library/Application%20Support/iPhone%20Simulator/7.1/Applications/EFF15759-40E0-40CA-8E98-1002FC161699/HelloCordova.app/www/index.html#/app/login
2014-04-16 04:39:48.993 HelloCordova[62135:70b] Setting the WebView's frame to {{0, 0}, {320, 436}}
2014-04-16 04:39:48.997 HelloCordova[62135:70b] THREAD WARNING: ['InAppBrowser'] took '25.685059' ms. Plugin should use a background thread.
2014-04-16 04:39:53.698 HelloCordova[62135:70b] THREAD WARNING: ['Geolocation'] took '28.206055' ms. Plugin should use a background thread.
2014-04-16 04:46:05.276 HelloCordova[62439:70b] Multi-tasking -> Device: YES, App: YES
2014-04-16 04:46:05.336 HelloCordova[62439:70b] Unlimited access to network resources
2014-04-16 04:46:05.562 HelloCordova[62439:70b] [CDVTimer][statusbar] 58.183014ms
2014-04-16 04:46:05.563 HelloCordova[62439:70b] [CDVTimer][TotalPluginStartup] 58.747053ms
2014-04-16 04:46:05.916 HelloCordova[62439:70b] Resetting plugins due to page load.
2014-04-16 04:46:06.568 HelloCordova[62439:70b] Finished load of: file:///Users/guilherme/Library/Application%20Support/iPhone%20Simulator/7.1/Applications/EFF15759-40E0-40CA-8E98-1002FC161699/HelloCordova.app/www/index.html#/app/login
2014-04-16 04:46:15.251 HelloCordova[62439:70b] Setting the WebView's frame to {{0, 0}, {320, 436}}
2014-04-16 04:46:15.279 HelloCordova[62439:70b] THREAD WARNING: ['InAppBrowser'] took '108.984863' ms. Plugin should use a background thread.
2014-04-16 04:48:46.129 HelloCordova[62712:70b] Multi-tasking -> Device: YES, App: YES
2014-04-16 04:48:46.136 HelloCordova[62712:70b] Unlimited access to network resources
2014-04-16 04:48:46.173 HelloCordova[62712:70b] [CDVTimer][statusbar] 17.522991ms
2014-04-16 04:48:46.174 HelloCordova[62712:70b] [CDVTimer][TotalPluginStartup] 18.124044ms
2014-04-16 04:48:46.493 HelloCordova[62712:70b] Resetting plugins due to page load.
2014-04-16 04:48:47.032 HelloCordova[62712:70b] Finished load of: file:///Users/guilherme/Library/Application%20Support/iPhone%20Simulator/7.1/Applications/EFF15759-40E0-40CA-8E98-1002FC161699/HelloCordova.app/www/index.html#/app/login
2014-04-16 04:48:51.637 HelloCordova[62712:70b] Setting the WebView's frame to {{0, 0}, {320, 436}}
2014-04-16 04:48:51.640 HelloCordova[62712:70b] THREAD WARNING: ['InAppBrowser'] took '27.046143' ms. Plugin should use a background thread.
2014-04-16 04:50:06.466 HelloCordova[62712:4003] void SendDelegateMessage(NSInvocation *): delegate (webView:runJavaScriptAlertPanelWithMessage:initiatedByFrame:) failed to return after waiting 10 seconds. main run loop mode: kCFRunLoopDefaultMode
2014-04-16 04:54:51.404 HelloCordova[62994:70b] Multi-tasking -> Device: YES, App: YES
2014-04-16 04:54:51.470 HelloCordova[62994:70b] Unlimited access to network resources
2014-04-16 04:54:51.682 HelloCordova[62994:70b] [CDVTimer][statusbar] 76.378047ms
2014-04-16 04:54:51.682 HelloCordova[62994:70b] [CDVTimer][TotalPluginStartup] 76.918006ms
2014-04-16 04:54:52.005 HelloCordova[62994:70b] Resetting plugins due to page load.
2014-04-16 04:54:54.929 HelloCordova[62994:70b] Finished load of: file:///Users/guilherme/Library/Application%20Support/iPhone%20Simulator/7.1/Applications/EFF15759-40E0-40CA-8E98-1002FC161699/HelloCordova.app/www/index.html#/app/login
2014-04-16 04:54:58.212 HelloCordova[62994:70b] Setting the WebView's frame to {{0, 0}, {320, 436}}
2014-04-16 04:54:58.215 HelloCordova[62994:70b] THREAD WARNING: ['InAppBrowser'] took '27.492188' ms. Plugin should use a background thread.
2014-04-16 14:37:45.580 HelloCordova[63754:70b] Multi-tasking -> Device: YES, App: YES
2014-04-16 14:37:45.621 HelloCordova[63754:70b] Unlimited access to network resources
2014-04-16 14:37:45.670 HelloCordova[63754:70b] [CDVTimer][statusbar] 20.561993ms
2014-04-16 14:37:45.670 HelloCordova[63754:70b] [CDVTimer][TotalPluginStartup] 21.317959ms
2014-04-16 14:37:46.033 HelloCordova[63754:70b] Resetting plugins due to page load.
2014-04-16 14:37:46.453 HelloCordova[63754:70b] Finished load of: file:///Users/guilherme/Library/Application%20Support/iPhone%20Simulator/7.1/Applications/EFF15759-40E0-40CA-8E98-1002FC161699/HelloCordova.app/www/index.html#/app/login
2014-04-16 14:38:40.512 HelloCordova[63754:70b] Setting the WebView's frame to {{0, 0}, {320, 436}}
2014-04-16 14:38:40.517 HelloCordova[63754:70b] THREAD WARNING: ['InAppBrowser'] took '41.679199' ms. Plugin should use a background thread.
2014-04-16 14:39:04.261 HelloCordova[63754:70b] Setting the WebView's frame to {{0, 0}, {320, 436}}
2014-04-16 15:04:25.199 HelloCordova[64143:70b] Multi-tasking -> Device: YES, App: YES
2014-04-16 15:04:25.206 HelloCordova[64143:70b] Unlimited access to network resources
2014-04-16 15:04:25.242 HelloCordova[64143:70b] [CDVTimer][statusbar] 14.380038ms
2014-04-16 15:04:25.242 HelloCordova[64143:70b] [CDVTimer][TotalPluginStartup] 14.893055ms
2014-04-16 15:04:25.456 HelloCordova[64143:70b] Resetting plugins due to page load.
2014-04-16 15:04:25.765 HelloCordova[64143:70b] Finished load of: file:///Users/guilherme/Library/Application%20Support/iPhone%20Simulator/7.1/Applications/EFF15759-40E0-40CA-8E98-1002FC161699/HelloCordova.app/www/index.html#/app/login
2014-04-16 15:04:46.838 HelloCordova[64143:70b] Setting the WebView's frame to {{0, 0}, {320, 436}}
2014-04-16 15:04:46.843 HelloCordova[64143:70b] THREAD WARNING: ['InAppBrowser'] took '29.634033' ms. Plugin should use a background thread.
2014-04-16 15:06:43.512 HelloCordova[64414:70b] Multi-tasking -> Device: YES, App: YES
2014-04-16 15:06:43.520 HelloCordova[64414:70b] Unlimited access to network resources
2014-04-16 15:06:43.552 HelloCordova[64414:70b] [CDVTimer][statusbar] 13.343990ms
2014-04-16 15:06:43.553 HelloCordova[64414:70b] [CDVTimer][TotalPluginStartup] 13.858974ms
2014-04-16 15:06:43.812 HelloCordova[64414:70b] Resetting plugins due to page load.
2014-04-16 15:06:44.091 HelloCordova[64414:70b] Finished load of: file:///Users/guilherme/Library/Application%20Support/iPhone%20Simulator/7.1/Applications/EFF15759-40E0-40CA-8E98-1002FC161699/HelloCordova.app/www/index.html#/app/login
2014-04-16 15:09:38.392 HelloCordova[64779:70b] Multi-tasking -> Device: YES, App: YES
2014-04-16 15:09:38.402 HelloCordova[64779:70b] Unlimited access to network resources
2014-04-16 15:09:38.434 HelloCordova[64779:70b] [CDVTimer][statusbar] 12.712002ms
2014-04-16 15:09:38.434 HelloCordova[64779:70b] [CDVTimer][TotalPluginStartup] 13.222039ms
2014-04-16 15:09:38.617 HelloCordova[64779:70b] Resetting plugins due to page load.
2014-04-16 15:09:43.698 HelloCordova[64779:70b] Finished load of: file:///Users/guilherme/Library/Application%20Support/iPhone%20Simulator/7.1/Applications/EFF15759-40E0-40CA-8E98-1002FC161699/HelloCordova.app/www/index.html#/app/login
2014-04-16 15:11:13.864 HelloCordova[65282:70b] Multi-tasking -> Device: YES, App: YES
2014-04-16 15:11:13.871 HelloCordova[65282:70b] Unlimited access to network resources
2014-04-16 15:11:13.909 HelloCordova[65282:70b] [CDVTimer][statusbar] 16.362011ms
2014-04-16 15:11:13.910 HelloCordova[65282:70b] [CDVTimer][TotalPluginStartup] 17.000020ms
2014-04-16 15:11:14.221 HelloCordova[65282:70b] Resetting plugins due to page load.
2014-04-16 15:11:25.810 HelloCordova[65425:70b] Multi-tasking -> Device: YES, App: YES
2014-04-16 15:11:25.819 HelloCordova[65425:70b] Unlimited access to network resources
2014-04-16 15:11:25.913 HelloCordova[65425:70b] [CDVTimer][statusbar] 12.163997ms
2014-04-16 15:11:25.914 HelloCordova[65425:70b] [CDVTimer][TotalPluginStartup] 12.818992ms
2014-04-16 15:11:26.109 HelloCordova[65425:70b] Resetting plugins due to page load.
2014-04-16 15:11:29.505 HelloCordova[65425:70b] Finished load of: file:///Users/guilherme/Library/Application%20Support/iPhone%20Simulator/7.1/Applications/EFF15759-40E0-40CA-8E98-1002FC161699/HelloCordova.app/www/index.html#/app/login
2014-04-16 15:12:04.185 HelloCordova[65689:70b] Multi-tasking -> Device: YES, App: YES
2014-04-16 15:12:04.193 HelloCordova[65689:70b] Unlimited access to network resources
2014-04-16 15:12:04.221 HelloCordova[65689:70b] [CDVTimer][statusbar] 9.668052ms
2014-04-16 15:12:04.222 HelloCordova[65689:70b] [CDVTimer][TotalPluginStartup] 10.170043ms
2014-04-16 15:12:04.274 HelloCordova[65689:70b] Resetting plugins due to page load.
2014-04-16 15:12:36.124 HelloCordova[65832:70b] Multi-tasking -> Device: YES, App: YES
2014-04-16 15:12:36.131 HelloCordova[65832:70b] Unlimited access to network resources
2014-04-16 15:12:36.159 HelloCordova[65832:70b] [CDVTimer][statusbar] 7.182002ms
2014-04-16 15:12:36.160 HelloCordova[65832:70b] [CDVTimer][TotalPluginStartup] 7.690012ms
2014-04-16 15:12:36.235 HelloCordova[65832:70b] Resetting plugins due to page load.
2014-04-16 15:12:38.335 HelloCordova[65832:70b] Finished load of: file:///Users/guilherme/Library/Application%20Support/iPhone%20Simulator/7.1/Applications/EFF15759-40E0-40CA-8E98-1002FC161699/HelloCordova.app/www/index.html#/app/login
2014-04-16 15:13:14.347 HelloCordova[66095:70b] Multi-tasking -> Device: YES, App: YES
2014-04-16 15:13:14.355 HelloCordova[66095:70b] Unlimited access to network resources
2014-04-16 15:13:14.382 HelloCordova[66095:70b] [CDVTimer][statusbar] 7.766008ms
2014-04-16 15:13:14.382 HelloCordova[66095:70b] [CDVTimer][TotalPluginStartup] 8.283973ms
2014-04-16 15:13:14.535 HelloCordova[66095:70b] Resetting plugins due to page load.
2014-04-16 15:13:17.898 HelloCordova[66095:70b] Finished load of: file:///Users/guilherme/Library/Application%20Support/iPhone%20Simulator/7.1/Applications/EFF15759-40E0-40CA-8E98-1002FC161699/HelloCordova.app/www/index.html#/app/login
2014-04-16 15:14:09.433 HelloCordova[66359:70b] Multi-tasking -> Device: YES, App: YES
2014-04-16 15:14:09.439 HelloCordova[66359:70b] Unlimited access to network resources
2014-04-16 15:14:09.467 HelloCordova[66359:70b] [CDVTimer][statusbar] 8.855999ms
2014-04-16 15:14:09.468 HelloCordova[66359:70b] [CDVTimer][TotalPluginStartup] 9.380996ms
2014-04-16 15:14:09.631 HelloCordova[66359:70b] Resetting plugins due to page load.
2014-04-16 15:14:12.283 HelloCordova[66359:70b] Finished load of: file:///Users/guilherme/Library/Application%20Support/iPhone%20Simulator/7.1/Applications/EFF15759-40E0-40CA-8E98-1002FC161699/HelloCordova.app/www/index.html#/app/login
2014-04-16 15:15:28.035 HelloCordova[66629:70b] Multi-tasking -> Device: YES, App: YES
2014-04-16 15:15:28.045 HelloCordova[66629:70b] Unlimited access to network resources
2014-04-16 15:15:28.078 HelloCordova[66629:70b] [CDVTimer][statusbar] 15.718997ms
2014-04-16 15:15:28.078 HelloCordova[66629:70b] [CDVTimer][TotalPluginStartup] 16.265035ms
2014-04-16 15:15:28.371 HelloCordova[66629:70b] Resetting plugins due to page load.
2014-04-16 15:15:28.641 HelloCordova[66629:70b] Finished load of: file:///Users/guilherme/Library/Application%20Support/iPhone%20Simulator/7.1/Applications/EFF15759-40E0-40CA-8E98-1002FC161699/HelloCordova.app/www/index.html#/app/login
2014-04-16 15:15:46.877 HelloCordova[66629:70b] Setting the WebView's frame to {{0, 0}, {320, 436}}
2014-04-16 15:15:46.901 HelloCordova[66629:70b] THREAD WARNING: ['InAppBrowser'] took '88.311035' ms. Plugin should use a background thread.
2014-04-16 15:18:47.872 HelloCordova[66629:70b] Simulator slow-motion animations are now on
2014-04-16 15:19:19.159 HelloCordova[66918:70b] Multi-tasking -> Device: YES, App: YES
2014-04-16 15:19:19.167 HelloCordova[66918:70b] Unlimited access to network resources
2014-04-16 15:19:19.193 HelloCordova[66918:70b] [CDVTimer][statusbar] 7.636011ms
2014-04-16 15:19:19.193 HelloCordova[66918:70b] [CDVTimer][TotalPluginStartup] 8.193016ms
2014-04-16 15:19:19.348 HelloCordova[66918:70b] Resetting plugins due to page load.
2014-04-16 15:19:19.685 HelloCordova[66918:70b] Finished load of: file:///Users/guilherme/Library/Application%20Support/iPhone%20Simulator/7.1/Applications/EFF15759-40E0-40CA-8E98-1002FC161699/HelloCordova.app/www/index.html#/app/login
2014-04-16 15:19:30.461 HelloCordova[66918:70b] Setting the WebView's frame to {{0, 0}, {320, 436}}
2014-04-16 15:19:30.464 HelloCordova[66918:70b] THREAD WARNING: ['InAppBrowser'] took '23.318115' ms. Plugin should use a background thread.
2014-04-16 15:21:23.682 HelloCordova[67187:70b] Multi-tasking -> Device: YES, App: YES
2014-04-16 15:21:23.691 HelloCordova[67187:70b] Unlimited access to network resources
2014-04-16 15:21:23.727 HelloCordova[67187:70b] [CDVTimer][statusbar] 17.153025ms
2014-04-16 15:21:23.728 HelloCordova[67187:70b] [CDVTimer][TotalPluginStartup] 17.651021ms
2014-04-16 15:21:24.018 HelloCordova[67187:70b] Resetting plugins due to page load.
2014-04-16 15:21:24.409 HelloCordova[67187:70b] Finished load of: file:///Users/guilherme/Library/Application%20Support/iPhone%20Simulator/7.1/Applications/EFF15759-40E0-40CA-8E98-1002FC161699/HelloCordova.app/www/index.html#/app/login
2014-04-16 15:26:37.332 HelloCordova[67487:70b] Multi-tasking -> Device: YES, App: YES
2014-04-16 15:26:37.384 HelloCordova[67487:70b] Unlimited access to network resources
2014-04-16 15:26:37.569 HelloCordova[67487:70b] [CDVTimer][statusbar] 67.162037ms
2014-04-16 15:26:37.569 HelloCordova[67487:70b] [CDVTimer][TotalPluginStartup] 67.737997ms
2014-04-16 15:26:37.978 HelloCordova[67487:70b] Resetting plugins due to page load.
2014-04-16 15:26:38.897 HelloCordova[67487:70b] THREAD WARNING: ['Device'] took '12.996094' ms. Plugin should use a background thread.
2014-04-16 15:26:38.936 HelloCordova[67487:70b] Finished load of: file:///Users/guilherme/Library/Application%20Support/iPhone%20Simulator/7.1/Applications/653E01BA-0F33-435B-8EF9-A8B8217CE52C/HelloCordova.app/www/index.html#/app/login
2014-04-16 15:26:59.750 HelloCordova[67487:70b] Setting the WebView's frame to {{0, 0}, {320, 436}}
2014-04-16 15:26:59.756 HelloCordova[67487:70b] THREAD WARNING: ['InAppBrowser'] took '49.296875' ms. Plugin should use a background thread.
2014-04-16 15:27:13.369 HelloCordova[67487:4d07] CFNetwork SSLHandshake failed (-9810)
2014-04-16 15:27:13.370 HelloCordova[67487:4d07] CFNetwork SSLHandshake failed (-9810)
2014-04-16 15:27:13.428 HelloCordova[67487:4d07] CFNetwork SSLHandshake failed (-9810)
2014-04-16 15:27:13.560 HelloCordova[67487:4d07] CFNetwork SSLHandshake failed (-9810)
2014-04-16 15:27:13.602 HelloCordova[67487:4d07] CFNetwork SSLHandshake failed (-9810)
2014-04-16 15:27:14.474 HelloCordova[67487:4d07] CFNetwork SSLHandshake failed (-9810)
2014-04-16 15:27:14.750 HelloCordova[67487:4d07] CFNetwork SSLHandshake failed (-9810)
2014-04-16 15:27:15.671 HelloCordova[67487:4d07] CFNetwork SSLHandshake failed (-9810)
2014-04-16 15:27:17.695 HelloCordova[67487:4d07] CFNetwork SSLHandshake failed (-9810)
2014-04-16 15:29:03.040 HelloCordova[67756:70b] Multi-tasking -> Device: YES, App: YES
2014-04-16 15:29:03.048 HelloCordova[67756:70b] Unlimited access to network resources
2014-04-16 15:29:03.092 HelloCordova[67756:70b] [CDVTimer][statusbar] 19.432008ms
2014-04-16 15:29:03.093 HelloCordova[67756:70b] [CDVTimer][TotalPluginStartup] 19.964993ms
2014-04-16 15:29:03.392 HelloCordova[67756:70b] Resetting plugins due to page load.
2014-04-16 15:29:03.832 HelloCordova[67756:70b] Finished load of: file:///Users/guilherme/Library/Application%20Support/iPhone%20Simulator/7.1/Applications/653E01BA-0F33-435B-8EF9-A8B8217CE52C/HelloCordova.app/www/index.html#/app/login
2014-04-16 15:30:32.145 HelloCordova[67756:70b] Setting the WebView's frame to {{0, 0}, {320, 436}}
2014-04-16 15:30:32.153 HelloCordova[67756:70b] THREAD WARNING: ['InAppBrowser'] took '35.577148' ms. Plugin should use a background thread.
2014-04-16 15:33:05.634 HelloCordova[68147:70b] Multi-tasking -> Device: YES, App: YES
2014-04-16 15:33:05.697 HelloCordova[68147:70b] Unlimited access to network resources
2014-04-16 15:33:05.865 HelloCordova[68147:70b] [CDVTimer][statusbar] 41.033030ms
2014-04-16 15:33:05.865 HelloCordova[68147:70b] [CDVTimer][TotalPluginStartup] 41.523039ms
2014-04-16 15:33:06.175 HelloCordova[68147:70b] Resetting plugins due to page load.
2014-04-16 15:33:06.753 HelloCordova[68147:70b] Finished load of: file:///Users/guilherme/Library/Application%20Support/iPhone%20Simulator/7.1/Applications/61683BFD-CD0E-4575-992B-A0B02D826FAF/HelloCordova.app/www/index.html#/app/login
2014-04-16 15:34:39.655 HelloCordova[68414:70b] Multi-tasking -> Device: YES, App: YES
2014-04-16 15:34:39.663 HelloCordova[68414:70b] Unlimited access to network resources
2014-04-16 15:34:39.691 HelloCordova[68414:70b] [CDVTimer][statusbar] 10.151029ms
2014-04-16 15:34:39.692 HelloCordova[68414:70b] [CDVTimer][TotalPluginStartup] 10.663986ms
2014-04-16 15:34:39.859 HelloCordova[68414:70b] Resetting plugins due to page load.
2014-04-16 15:34:40.266 HelloCordova[68414:70b] *** Assertion failure in -[UIApplication runModal:](), /SourceCache/UIKit_Sim/UIKit-2935.137/UIApplication.m:9585
2014-04-16 15:34:40.279 HelloCordova[68414:70b] *** WebKit discarded an uncaught exception in the webView:runJavaScriptAlertPanelWithMessage:initiatedByFrame: delegate: <NSInternalInconsistencyException> The view passed in does not have a window.
2014-04-16 15:34:40.471 HelloCordova[68414:70b] Finished load of: file:///Users/guilherme/Library/Application%20Support/iPhone%20Simulator/7.1/Applications/61683BFD-CD0E-4575-992B-A0B02D826FAF/HelloCordova.app/www/index.html#/app/login
2014-04-16 15:38:51.265 HelloCordova[68689:70b] Multi-tasking -> Device: YES, App: YES
2014-04-16 15:38:51.273 HelloCordova[68689:70b] Unlimited access to network resources
2014-04-16 15:38:51.303 HelloCordova[68689:70b] [CDVTimer][statusbar] 10.505021ms
2014-04-16 15:38:51.304 HelloCordova[68689:70b] [CDVTimer][TotalPluginStartup] 11.025012ms
2014-04-16 15:38:51.471 HelloCordova[68689:70b] Resetting plugins due to page load.
2014-04-16 15:38:53.614 HelloCordova[68689:70b] Finished load of: file:///Users/guilherme/Library/Application%20Support/iPhone%20Simulator/7.1/Applications/61683BFD-CD0E-4575-992B-A0B02D826FAF/HelloCordova.app/www/index.html#/app/login
2014-04-16 15:42:11.523 HelloCordova[68963:70b] Multi-tasking -> Device: YES, App: YES
2014-04-16 15:42:11.585 HelloCordova[68963:70b] Unlimited access to network resources
2014-04-16 15:42:11.763 HelloCordova[68963:70b] [CDVTimer][statusbar] 38.820028ms
2014-04-16 15:42:11.764 HelloCordova[68963:70b] [CDVTimer][TotalPluginStartup] 39.451003ms
2014-04-16 15:42:12.131 HelloCordova[68963:70b] Resetting plugins due to page load.
2014-04-16 15:42:15.233 HelloCordova[68963:70b] Finished load of: file:///Users/guilherme/Library/Application%20Support/iPhone%20Simulator/7.1/Applications/61683BFD-CD0E-4575-992B-A0B02D826FAF/HelloCordova.app/www/index.html#/app/login
2014-04-16 15:42:28.157 HelloCordova[68963:70b] Setting the WebView's frame to {{0, 0}, {320, 436}}
2014-04-16 15:42:28.175 HelloCordova[68963:70b] THREAD WARNING: ['InAppBrowser'] took '98.558105' ms. Plugin should use a background thread.
2014-04-16 15:42:49.153 HelloCordova[68963:4d07] CFNetwork SSLHandshake failed (-9806)
2014-04-16 15:43:07.158 HelloCordova[68963:4d07] CFNetwork SSLHandshake failed (-9806)
2014-04-16 15:43:07.530 HelloCordova[68963:4d07] CFNetwork SSLHandshake failed (-9810)
2014-04-16 15:43:07.710 HelloCordova[68963:4d07] CFNetwork SSLHandshake failed (-9810)
2014-04-16 15:43:35.385 HelloCordova[68963:4d07] CFNetwork SSLHandshake failed (-9810)
2014-04-16 15:44:20.499 HelloCordova[68963:4d07] CFNetwork SSLHandshake failed (-9806)
2014-04-16 15:44:22.130 HelloCordova[68963:70b] Setting the WebView's frame to {{0, 0}, {320, 436}}
2014-04-16 15:44:25.811 HelloCordova[68963:4d07] CFNetwork SSLHandshake failed (-9810)
2014-04-16 15:44:27.129 HelloCordova[68963:70b] webView:didFailLoadWithError - -999: The operation couldn’t be completed. (NSURLErrorDomain error -999.)
2014-04-16 15:47:59.426 HelloCordova[69379:70b] Multi-tasking -> Device: YES, App: YES
2014-04-16 15:47:59.501 HelloCordova[69379:70b] Unlimited access to network resources
2014-04-16 15:47:59.697 HelloCordova[69379:70b] [CDVTimer][statusbar] 45.786977ms
2014-04-16 15:47:59.697 HelloCordova[69379:70b] [CDVTimer][TotalPluginStartup] 46.321988ms
2014-04-16 15:48:00.037 HelloCordova[69379:70b] Resetting plugins due to page load.
2014-04-16 15:48:00.730 HelloCordova[69379:70b] Finished load of: file:///Users/guilherme/Library/Application%20Support/iPhone%20Simulator/7.1/Applications/708359CE-79BF-42A1-9627-496F8747B4FF/HelloCordova.app/www/index.html#/app/login
2014-04-16 15:48:21.969 HelloCordova[69379:70b] Setting the WebView's frame to {{0, 0}, {320, 436}}
2014-04-16 15:48:21.987 HelloCordova[69379:70b] THREAD WARNING: ['InAppBrowser'] took '87.010010' ms. Plugin should use a background thread.
2014-04-16 15:49:02.271 HelloCordova[69379:70b] webView:didFailLoadWithError - -999: The operation couldn’t be completed. (NSURLErrorDomain error -999.)
2014-04-16 16:06:25.112 HelloCordova[69703:70b] Multi-tasking -> Device: YES, App: YES
2014-04-16 16:06:25.174 HelloCordova[69703:70b] Unlimited access to network resources
2014-04-16 16:06:25.344 HelloCordova[69703:70b] [CDVTimer][statusbar] 39.905012ms
2014-04-16 16:06:25.344 HelloCordova[69703:70b] [CDVTimer][TotalPluginStartup] 40.476024ms
2014-04-16 16:06:25.670 HelloCordova[69703:70b] Resetting plugins due to page load.
2014-04-16 16:06:26.213 HelloCordova[69703:70b] Finished load of: file:///Users/guilherme/Library/Application%20Support/iPhone%20Simulator/7.1/Applications/708359CE-79BF-42A1-9627-496F8747B4FF/HelloCordova.app/www/index.html#/app/login
2014-04-16 16:06:31.661 HelloCordova[69703:70b] Setting the WebView's frame to {{0, 0}, {320, 436}}
2014-04-16 16:06:31.679 HelloCordova[69703:70b] THREAD WARNING: ['InAppBrowser'] took '137.463135' ms. Plugin should use a background thread.
2014-04-16 16:08:20.203 HelloCordova[69970:70b] Multi-tasking -> Device: YES, App: YES
2014-04-16 16:08:20.211 HelloCordova[69970:70b] Unlimited access to network resources
2014-04-16 16:08:20.265 HelloCordova[69970:70b] [CDVTimer][statusbar] 21.176994ms
2014-04-16 16:08:20.266 HelloCordova[69970:70b] [CDVTimer][TotalPluginStartup] 21.798015ms
2014-04-16 16:08:20.573 HelloCordova[69970:70b] Resetting plugins due to page load.
2014-04-16 16:08:20.908 HelloCordova[69970:70b] Finished load of: file:///Users/guilherme/Library/Application%20Support/iPhone%20Simulator/7.1/Applications/708359CE-79BF-42A1-9627-496F8747B4FF/HelloCordova.app/www/index.html#/app/login
2014-04-16 16:08:26.464 HelloCordova[69970:70b] Setting the WebView's frame to {{0, 0}, {320, 436}}
2014-04-16 16:08:26.468 HelloCordova[69970:70b] THREAD WARNING: ['InAppBrowser'] took '36.368164' ms. Plugin should use a background thread.
2014-04-17 15:02:12.708 HelloCordova[74653:70b] Multi-tasking -> Device: YES, App: YES
2014-04-17 15:02:12.772 HelloCordova[74653:70b] Unlimited access to network resources
2014-04-17 15:02:13.087 HelloCordova[74653:70b] [CDVTimer][statusbar] 82.346976ms
2014-04-17 15:02:13.088 HelloCordova[74653:70b] [CDVTimer][TotalPluginStartup] 83.123982ms
2014-04-17 15:02:13.290 HelloCordova[74653:70b] Resetting plugins due to page load.
2014-04-17 15:02:13.722 HelloCordova[74653:70b] Finished load of: file:///Users/guilherme/Library/Application%20Support/iPhone%20Simulator/7.1/Applications/708359CE-79BF-42A1-9627-496F8747B4FF/HelloCordova.app/www/index.html
2014-04-17 15:02:44.698 HelloCordova[74847:70b] Multi-tasking -> Device: YES, App: YES
2014-04-17 15:02:44.717 HelloCordova[74847:70b] Unlimited access to network resources
2014-04-17 15:02:44.777 HelloCordova[74847:70b] [CDVTimer][statusbar] 27.004004ms
2014-04-17 15:02:44.778 HelloCordova[74847:70b] [CDVTimer][TotalPluginStartup] 27.658045ms
2014-04-17 15:02:45.139 HelloCordova[74847:70b] Resetting plugins due to page load.
2014-04-17 15:02:45.311 HelloCordova[74847:70b] Finished load of: file:///Users/guilherme/Library/Application%20Support/iPhone%20Simulator/7.1/Applications/708359CE-79BF-42A1-9627-496F8747B4FF/HelloCordova.app/www/index.html
2014-04-17 15:04:19.784 HelloCordova[75070:70b] Multi-tasking -> Device: YES, App: YES
2014-04-17 15:04:19.798 HelloCordova[75070:70b] Unlimited access to network resources
2014-04-17 15:04:19.845 HelloCordova[75070:70b] [CDVTimer][statusbar] 20.374000ms
2014-04-17 15:04:19.846 HelloCordova[75070:70b] [CDVTimer][TotalPluginStartup] 21.542013ms
2014-04-17 15:04:20.226 HelloCordova[75070:70b] Resetting plugins due to page load.
2014-04-17 15:04:20.452 HelloCordova[75070:70b] Finished load of: file:///Users/guilherme/Library/Application%20Support/iPhone%20Simulator/7.1/Applications/708359CE-79BF-42A1-9627-496F8747B4FF/HelloCordova.app/www/index.html
2014-04-17 15:05:02.852 HelloCordova[75422:70b] Multi-tasking -> Device: YES, App: YES
2014-04-17 15:05:02.863 HelloCordova[75422:70b] Unlimited access to network resources
2014-04-17 15:05:02.905 HelloCordova[75422:70b] [CDVTimer][statusbar] 18.604994ms
2014-04-17 15:05:02.905 HelloCordova[75422:70b] [CDVTimer][TotalPluginStartup] 19.171000ms
2014-04-17 15:05:03.131 HelloCordova[75422:70b] Resetting plugins due to page load.
2014-04-17 15:05:03.323 HelloCordova[75422:70b] Finished load of: file:///Users/guilherme/Library/Application%20Support/iPhone%20Simulator/7.1/Applications/708359CE-79BF-42A1-9627-496F8747B4FF/HelloCordova.app/www/index.html
2014-04-22 14:01:08.041 HelloCordova[77916:70b] Multi-tasking -> Device: YES, App: YES
2014-04-22 14:01:08.118 HelloCordova[77916:70b] Unlimited access to network resources
2014-04-22 14:01:08.837 HelloCordova[77916:70b] [CDVTimer][statusbar] 193.378031ms
2014-04-22 14:01:08.838 HelloCordova[77916:70b] [CDVTimer][TotalPluginStartup] 194.271028ms
2014-04-22 14:01:09.171 HelloCordova[77916:70b] Resetting plugins due to page load.
2014-04-22 14:01:10.601 HelloCordova[77916:70b] Finished load of: file:///Users/guilherme/Library/Application%20Support/iPhone%20Simulator/7.1/Applications/C876F8FD-52D1-4CF6-9C1C-FDC9AE4D1723/HelloCordova.app/www/index.html#/app/login
2014-04-22 14:01:13.876 HelloCordova[77916:70b] Setting the WebView's frame to {{0, 0}, {320, 436}}
2014-04-22 14:01:13.894 HelloCordova[77916:70b] THREAD WARNING: ['InAppBrowser'] took '76.283936' ms. Plugin should use a background thread.
2014-04-22 14:01:38.929 HelloCordova[77916:70b] webView:didFailLoadWithError - -999: The operation couldn’t be completed. (NSURLErrorDomain error -999.)
2014-04-22 14:02:33.189 HelloCordova[77916:70b] Setting the WebView's frame to {{0, 0}, {320, 436}}
2014-04-22 14:02:33.193 HelloCordova[77916:70b] THREAD WARNING: ['InAppBrowser'] took '10.360352' ms. Plugin should use a background thread.
2014-04-22 14:25:27.979 HelloCordova[77916:70b] Setting the WebView's frame to {{0, 0}, {320, 436}}
2014-04-22 14:25:27.983 HelloCordova[77916:70b] THREAD WARNING: ['InAppBrowser'] took '17.025879' ms. Plugin should use a background thread.
2014-04-22 14:26:51.042 HelloCordova[78156:70b] Multi-tasking -> Device: YES, App: YES
2014-04-22 14:26:51.101 HelloCordova[78156:70b] Unlimited access to network resources
2014-04-22 14:26:51.272 HelloCordova[78156:70b] [CDVTimer][statusbar] 41.974008ms
2014-04-22 14:26:51.272 HelloCordova[78156:70b] [CDVTimer][TotalPluginStartup] 42.708993ms
2014-04-22 14:26:51.877 HelloCordova[78156:70b] Resetting plugins due to page load.
2014-04-22 14:26:54.001 HelloCordova[78156:70b] Finished load of: file:///Users/guilherme/Library/Application%20Support/iPhone%20Simulator/7.1/Applications/EB09E496-56BB-4A71-BA84-B00867DB299F/HelloCordova.app/www/index.html#/app/home
2014-04-22 14:27:00.908 HelloCordova[78156:70b] Setting the WebView's frame to {{0, 0}, {320, 436}}
2014-04-22 14:27:00.935 HelloCordova[78156:70b] THREAD WARNING: ['InAppBrowser'] took '117.150879' ms. Plugin should use a background thread.
2014-04-22 14:27:11.372 HelloCordova[78156:70b] webView:didFailLoadWithError - -999: The operation couldn’t be completed. (NSURLErrorDomain error -999.)
2014-04-22 14:27:59.310 HelloCordova[78156:70b] Simulator slow-motion animations are now on
2014-04-22 14:29:42.551 HelloCordova[78156:70b] Setting the WebView's frame to {{0, 0}, {320, 436}}
2014-04-22 14:29:42.555 HelloCordova[78156:70b] THREAD WARNING: ['InAppBrowser'] took '10.191406' ms. Plugin should use a background thread.
2014-04-22 14:30:04.008 HelloCordova[78156:70b] webView:didFailLoadWithError - -999: The operation couldn’t be completed. (NSURLErrorDomain error -999.)
2014-04-22 14:35:38.307 HelloCordova[78156:70b] Setting the WebView's frame to {{0, 0}, {320, 436}}
2014-04-22 14:35:38.360 HelloCordova[78156:70b] THREAD WARNING: ['InAppBrowser'] took '222.451904' ms. Plugin should use a background thread.
2014-04-22 14:36:51.029 HelloCordova[79022:70b] Multi-tasking -> Device: YES, App: YES
2014-04-22 14:36:51.093 HelloCordova[79022:70b] Unlimited access to network resources
2014-04-22 14:36:51.204 HelloCordova[79022:70b] [CDVTimer][statusbar] 40.957987ms
2014-04-22 14:36:51.205 HelloCordova[79022:70b] [CDVTimer][TotalPluginStartup] 41.539013ms
2014-04-22 14:36:51.599 HelloCordova[79022:70b] Resetting plugins due to page load.
2014-04-22 14:36:52.649 HelloCordova[79022:70b] Finished load of: file:///Users/guilherme/Library/Application%20Support/iPhone%20Simulator/7.1/Applications/C2890169-CDE3-4D14-89D8-511A68518A36/HelloCordova.app/www/index.html#/app/login
2014-04-22 14:37:00.196 HelloCordova[79022:70b] Setting the WebView's frame to {{0, 0}, {320, 436}}
2014-04-22 14:37:00.204 HelloCordova[79022:70b] THREAD WARNING: ['InAppBrowser'] took '53.280273' ms. Plugin should use a background thread.
2014-04-22 14:37:09.109 HelloCordova[79022:70b] webView:didFailLoadWithError - -999: The operation couldn’t be completed. (NSURLErrorDomain error -999.)
2014-04-22 14:39:21.591 HelloCordova[79022:70b] ERROR: Plugin 'Capture' not found, or is not a CDVPlugin. Check your plugin mapping in config.xml.
2014-04-22 14:39:21.602 HelloCordova[79022:70b] -[CDVCommandQueue executePending] [Line 158] FAILED pluginJSON = [
  "Capture1077341352",
  "Capture",
  "captureImage",
  [
    {
      "limit" : 1
    }
  ]
]
2014-05-09 15:25:39.291 HelloCordova[2878:70b] Multi-tasking -> Device: YES, App: YES
2014-05-09 15:25:39.333 HelloCordova[2878:70b] Unlimited access to network resources
2014-05-09 15:25:39.889 HelloCordova[2878:70b] [CDVTimer][statusbar] 106.881976ms
2014-05-09 15:25:39.890 HelloCordova[2878:70b] [CDVTimer][TotalPluginStartup] 107.524991ms
2014-05-09 15:25:40.101 HelloCordova[2878:70b] Resetting plugins due to page load.
2014-05-09 15:25:40.854 HelloCordova[2878:70b] Finished load of: file:///Users/guilherme/Library/Application%20Support/iPhone%20Simulator/7.1/Applications/C2890169-CDE3-4D14-89D8-511A68518A36/HelloCordova.app/www/index.html#/app/login
2014-05-09 15:25:43.581 HelloCordova[2878:70b] Setting the WebView's frame to {{0, 0}, {320, 436}}
2014-05-09 15:25:43.600 HelloCordova[2878:70b] THREAD WARNING: ['InAppBrowser'] took '67.944092' ms. Plugin should use a background thread.
2014-05-09 15:30:31.299 HelloCordova[2878:4003] void SendDelegateMessage(NSInvocation *): delegate (webView:runJavaScriptAlertPanelWithMessage:initiatedByFrame:) failed to return after waiting 10 seconds. main run loop mode: kCFRunLoopDefaultMode
2014-05-09 15:31:48.509 HelloCordova[2878:4003] void SendDelegateMessage(NSInvocation *): delegate (webView:runJavaScriptAlertPanelWithMessage:initiatedByFrame:) failed to return after waiting 10 seconds. main run loop mode: kCFRunLoopDefaultMode
